#
# A fatal error has been detected by the Java Runtime Environment:
#
#  SIGSEGV (0xb) at pc=0x00000001005dad8c, pid=4678, tid=16643
#
# JRE version: Java(TM) SE Runtime Environment (8.0_20-b26) (build 1.8.0_20-b26)
# Java VM: Java HotSpot(TM) 64-Bit Server VM (25.20-b23 mixed mode bsd-amd64 compressed oops)
# Problematic frame:
# V  [libjvm.dylib+0x422d8c]  Method::checked_resolve_jmethod_id(_jmethodID*)+0xe
#
# Failed to write core dump. Core dumps have been disabled. To enable core dumping, try "ulimit -c unlimited" before starting Java again
#
# If you would like to submit a bug report, please visit:
#   http://bugreport.sun.com/bugreport/crash.jsp
#

---------------  T H R E A D  ---------------

Current thread (0x00007fac4c076000):  JavaThread "JDWP Transport Listener: dt_socket" daemon [_thread_in_vm, id=16643, stack(0x00000001d9653000,0x00000001d9753000)]

siginfo: si_signo: 11 (SIGSEGV), si_code: 0 (unknown), si_addr: 0x0000000000000000

Registers:
RAX=0x0000000000000001, RBX=0x00000001d9752a8b, RCX=0x000000010098dc80, RDX=0x00000001d9752a8b
RSP=0x00000001d97529d0, RBP=0x00000001d97529e0, RSI=0x00007fac4c076000, RDI=0xd000000000000000
R8 =0x0000000000000001, R9 =0x00007fac4bf00000, R10=0x0000000000000020, R11=0x00007fac4bf00000
R12=0x00007fac4c076000, R13=0xd000000000000000, R14=0xd000000000000000, R15=0x00007fac4bc02730
RIP=0x00000001005dad8c, EFLAGS=0x0000000000010286, ERR=0x0000000000000000
  TRAPNO=0x000000000000000d

Top of Stack: (sp=0x00000001d97529d0)
0x00000001d97529d0:   00000001d9752a8b 00000001d9752a8b
0x00000001d97529e0:   00000001d9752a40 00000001004ecec2
0x00000001d97529f0:   00007fac4c076000 0000000000000000
0x00000001d9752a00:   0000000000000000 0000000000000000
0x00000001d9752a10:   00007fac4c076000 00007fac4c076000
0x00000001d9752a20:   00000001d9752a8b 00000001d9752a90
0x00000001d9752a30:   d000000000000000 0000000000000004
0x00000001d9752a40:   00000001d9752a60 00000001012397dc
0x00000001d9752a50:   0000000000000001 00000001d9752b08
0x00000001d9752a60:   00000001d9752ad0 000000010121e263
0x00000001d9752a70:   00000001d9752aa0 00007fac4bf0cab0
0x00000001d9752a80:   0000000500000032 0000000a00752b08
0x00000001d9752a90:   0000000000000000 0000000000000000
0x00000001d9752aa0:   0000000000000000 00000001d9752c90
0x00000001d9752ab0:   0000000101240eca 00007fac4bd391e0
0x00000001d9752ac0:   00000001d9752b08 000000010124c588
0x00000001d9752ad0:   00000001d9752ae0 000000010121e35c
0x00000001d9752ae0:   00000001d9752d00 00000001012278f6
0x00000001d9752af0:   000009aa00000013 00000000000f0200
0x00000001d9752b00:   00007fac4bd46360 00000001d9752c18
0x00000001d9752b10:   00007fac0000006c 00000001d9752b20
0x00000001d9752b20:   00007fac000000c0 00000001d9752b58
0x00000001d9752b30:   0000000000000000 00007f0000000000
0x00000001d9752b40:   000009aa0000001c 00007fff00009080
0x00000001d9752b50:   00000001d9752b58 ac7f000005000000
0x00000001d9752b60:   110000001091e14b 6f69737275636572
0x00000001d9752b70:   6f6974756c6f536e 494928050000006e
0x00000001d9752b80:   0000000000004429 e14bac7f00000a00
0x00000001d9752b90:   616d04000000f890 5b28160000006e69
0x00000001d9752ba0:   616c2f6176616a4c 6e697274532f676e
0x00000001d9752bb0:   0000000056293b67 ac7f000009000000
0x00000001d9752bc0:   100000000891e14b 74696c69626f7270 

Instructions: (pc=0x00000001005dad8c)
0x00000001005dad6c:   40 48 48 85 c0 75 e0 30 c0 0f b6 c0 5d c3 31 c0
0x00000001005dad7c:   5d c3 55 48 89 e5 53 48 83 ec 08 48 85 ff 74 24
0x00000001005dad8c:   48 8b 1f 48 85 db 74 1c 48 83 fb 37 74 16 48 8b
0x00000001005dad9c:   03 48 89 df ff 50 10 84 c0 b8 00 00 00 00 48 0f 

Register to memory mapping:

RAX=0x0000000000000001 is an unknown value
RBX=0x00000001d9752a8b is pointing into the stack for thread: 0x00007fac4c076000
RCX=0x000000010098dc80: UseMembar+0 in /Library/Java/JavaVirtualMachines/jdk1.8.0_20.jdk/Contents/Home/jre/lib/server/libjvm.dylib at 0x00000001001b8000
RDX=0x00000001d9752a8b is pointing into the stack for thread: 0x00007fac4c076000
RSP=0x00000001d97529d0 is pointing into the stack for thread: 0x00007fac4c076000
RBP=0x00000001d97529e0 is pointing into the stack for thread: 0x00007fac4c076000
RSI=0x00007fac4c076000 is a thread
RDI=0xd000000000000000 is an unknown value
R8 =0x0000000000000001 is an unknown value
R9 =0x00007fac4bf00000 is an unknown value
R10=0x0000000000000020 is an unknown value
R11=0x00007fac4bf00000 is an unknown value
R12=0x00007fac4c076000 is a thread
R13=0xd000000000000000 is an unknown value
R14=0xd000000000000000 is an unknown value
R15=0x00007fac4bc02730 is an unknown value


Stack: [0x00000001d9653000,0x00000001d9753000],  sp=0x00000001d97529d0,  free space=1022k
Native frames: (J=compiled Java code, j=interpreted, Vv=VM code, C=native code)
V  [libjvm.dylib+0x422d8c]  Method::checked_resolve_jmethod_id(_jmethodID*)+0xe
V  [libjvm.dylib+0x334ec2]  jvmti_IsMethodSynthetic+0xb2
C  [libjdwp.dylib+0x207dc]  isMethodSynthetic+0x63
C  [libjdwp.dylib+0x5263]  methods1+0x10b
C  [libjdwp.dylib+0x535c]  methodsWithGeneric+0xe
C  [libjdwp.dylib+0xe8f6]  debugLoop_run+0x1ce
C  [libjdwp.dylib+0x1f716]  attachThread+0x4d
V  [libjvm.dylib+0x375f22]  JvmtiAgentThread::call_start_function()+0x38
V  [libjvm.dylib+0x535a51]  JavaThread::thread_main_inner()+0x9b
V  [libjvm.dylib+0x537194]  JavaThread::run()+0x1c2
V  [libjvm.dylib+0x45d35a]  java_start(Thread*)+0xf6
C  [libsystem_pthread.dylib+0x32fc]  _pthread_body+0x83
C  [libsystem_pthread.dylib+0x3279]  _pthread_body+0x0
C  [libsystem_pthread.dylib+0x14b1]  thread_start+0xd
C  0x0000000000000000


---------------  P R O C E S S  ---------------

Java Threads: ( => current thread )
  0x00007fac4c829000 JavaThread "Service Thread" daemon [_thread_blocked, id=19715, stack(0x00000001d9c65000,0x00000001d9d65000)]
  0x00007fac4c833800 JavaThread "C1 CompilerThread2" daemon [_thread_blocked, id=19203, stack(0x00000001d9b62000,0x00000001d9c62000)]
  0x00007fac4d019000 JavaThread "C2 CompilerThread1" daemon [_thread_blocked, id=18691, stack(0x00000001d9a5f000,0x00000001d9b5f000)]
  0x00007fac4d804000 JavaThread "C2 CompilerThread0" daemon [_thread_blocked, id=18179, stack(0x00000001d995c000,0x00000001d9a5c000)]
  0x00007fac4d00e000 JavaThread "JDWP Command Reader" daemon [_thread_in_native, id=17667, stack(0x00000001d9859000,0x00000001d9959000)]
  0x00007fac4d803000 JavaThread "JDWP Event Helper Thread" daemon [_thread_blocked, id=17155, stack(0x00000001d9756000,0x00000001d9856000)]
=>0x00007fac4c076000 JavaThread "JDWP Transport Listener: dt_socket" daemon [_thread_in_vm, id=16643, stack(0x00000001d9653000,0x00000001d9753000)]
  0x00007fac4d002000 JavaThread "Signal Dispatcher" daemon [_thread_blocked, id=13335, stack(0x00000001d9549000,0x00000001d9649000)]
  0x00007fac4c80c000 JavaThread "Finalizer" daemon [_thread_blocked, id=11011, stack(0x00000001d7c04000,0x00000001d7d04000)]
  0x00007fac4d003000 JavaThread "Reference Handler" daemon [_thread_blocked, id=10499, stack(0x00000001d7b01000,0x00000001d7c01000)]
  0x00007fac4c00c000 JavaThread "main" [_thread_blocked, id=3331, stack(0x00000001010d4000,0x00000001011d4000)]

Other Threads:
  0x00007fac4c066000 VMThread [stack: 0x00000001d79fe000,0x00000001d7afe000] [id=9987]
  0x00007fac4d00d800 WatcherThread [stack: 0x00000001d9d68000,0x00000001d9e68000] [id=20227]

VM state:not at safepoint (normal execution)

VM Mutex/Monitor currently owned by a thread: None

Heap:
 PSYoungGen      total 38400K, used 2662K [0x0000000165f80000, 0x0000000168a00000, 0x0000000190a00000)
  eden space 33280K, 8% used [0x0000000165f80000,0x0000000166219a68,0x0000000168000000)
  from space 5120K, 0% used [0x0000000168500000,0x0000000168500000,0x0000000168a00000)
  to   space 5120K, 0% used [0x0000000168000000,0x0000000168000000,0x0000000168500000)
 ParOldGen       total 87552K, used 0K [0x0000000110a00000, 0x0000000115f80000, 0x0000000165f80000)
  object space 87552K, 0% used [0x0000000110a00000,0x0000000110a00000,0x0000000115f80000)
 Metaspace       used 2760K, capacity 4490K, committed 4864K, reserved 1056768K
  class space    used 296K, capacity 386K, committed 512K, reserved 1048576K

Card table byte_map: [0x0000000190a00000,0x0000000190e01000] byte_map_base: 0x000000019017b000

Marking Bits: (ParMarkBitMap*) 0x0000000100a54330
 Begin Bits: [0x0000000191c06000, 0x0000000193c06000)
 End Bits:   [0x0000000193c06000, 0x0000000195c06000)

Polling page: 0x0000000101218000

CodeCache: size=245760Kb used=1125Kb max_used=1125Kb free=244634Kb
 bounds [0x000000010127a000, 0x00000001014ea000, 0x000000011027a000]
 total_blobs=257 nmethods=31 adapters=149
 compilation: enabled

Compilation events (10 events):
Event: 0.181 Thread 0x00007fac4c833800   27       3       sun.util.calendar.ZoneInfoFile::indexOf (32 bytes)
Event: 0.181 Thread 0x00007fac4c833800 nmethod 27 0x0000000101390c10 code [0x0000000101390d80, 0x0000000101390ff0]
Event: 0.182 Thread 0x00007fac4c833800   28       3       java.util.zip.CRC32::update (16 bytes)
Event: 0.182 Thread 0x00007fac4c833800 nmethod 28 0x0000000101391590 code [0x0000000101391700, 0x0000000101391890]
Event: 0.182 Thread 0x00007fac4c833800   29       3       sun.util.calendar.ZoneInfoFile$Checksum::update (39 bytes)
Event: 0.182 Thread 0x00007fac4c833800 nmethod 29 0x0000000101391950 code [0x0000000101391ac0, 0x0000000101391dd0]
Event: 0.187 Thread 0x00007fac4c833800   30       3       java.lang.String::getChars (62 bytes)
Event: 0.187 Thread 0x00007fac4c833800 nmethod 30 0x00000001013922d0 code [0x00000001013924a0, 0x0000000101392938]
Event: 0.187 Thread 0x00007fac4c833800   31       1       java.lang.ref.Reference::get (5 bytes)
Event: 0.187 Thread 0x00007fac4c833800 nmethod 31 0x0000000101392c10 code [0x0000000101392d60, 0x0000000101392e70]

GC Heap History (0 events):
No events

Deoptimization events (0 events):
No events

Internal exceptions (3 events):
Event: 0.047 Thread 0x00007fac4c00c000 Exception <a 'java/lang/NoSuchMethodError': Method sun.misc.Unsafe.defineClass(Ljava/lang/String;[BII)Ljava/lang/Class; name or signature does not match> (0x0000000165f91fe0) thrown at [/HUDSON3/workspace/8-2-build-macosx-x86_64/jdk8u20/1074/hotspot/src/s
Event: 0.047 Thread 0x00007fac4c00c000 Exception <a 'java/lang/NoSuchMethodError': Method sun.misc.Unsafe.prefetchRead(Ljava/lang/Object;J)V name or signature does not match> (0x0000000165f92270) thrown at [/HUDSON3/workspace/8-2-build-macosx-x86_64/jdk8u20/1074/hotspot/src/share/vm/prims/jni.
Event: 0.186 Thread 0x00007fac4c00c000 Exception <a 'java/security/PrivilegedActionException'> (0x000000016601aeb0) thrown at [/HUDSON3/workspace/8-2-build-macosx-x86_64/jdk8u20/1074/hotspot/src/share/vm/prims/jvm.cpp, line 1275]

Events (10 events):
Event: 190.519 Executing VM operation: GetCurrentLocation
Event: 190.519 Executing VM operation: GetCurrentLocation done
Event: 190.519 Executing VM operation: EnterInterpOnlyMode
Event: 190.519 Executing VM operation: EnterInterpOnlyMode done
Event: 190.519 Executing VM operation: ChangeSingleStep
Event: 190.519 Executing VM operation: ChangeSingleStep done
Event: 190.519 Executing VM operation: ChangeSingleStep
Event: 190.519 Executing VM operation: ChangeSingleStep done
Event: 190.522 Executing VM operation: RedefineClasses
Event: 190.522 Executing VM operation: RedefineClasses done


Dynamic libraries:
0x000000000c9b7000 	/System/Library/Frameworks/Cocoa.framework/Versions/A/Cocoa
0x000000000c9b7000 	/System/Library/Frameworks/Security.framework/Versions/A/Security
0x000000000c9b7000 	/System/Library/Frameworks/ApplicationServices.framework/Versions/A/ApplicationServices
0x000000000c9b7000 	/usr/lib/libz.1.dylib
0x000000000c9b7000 	/usr/lib/libSystem.B.dylib
0x000000000c9b7000 	/usr/lib/libobjc.A.dylib
0x000000000c9b7000 	/System/Library/Frameworks/CoreFoundation.framework/Versions/A/CoreFoundation
0x000000000c9b7000 	/System/Library/Frameworks/Foundation.framework/Versions/C/Foundation
0x000000000c9b7000 	/System/Library/Frameworks/AppKit.framework/Versions/C/AppKit
0x000000000c9b7000 	/System/Library/Frameworks/CoreData.framework/Versions/A/CoreData
0x000000000c9b7000 	/System/Library/PrivateFrameworks/RemoteViewServices.framework/Versions/A/RemoteViewServices
0x000000000c9b7000 	/System/Library/PrivateFrameworks/UIFoundation.framework/Versions/A/UIFoundation
0x000000000c9b7000 	/System/Library/Frameworks/IOSurface.framework/Versions/A/IOSurface
0x000000000c9b7000 	/System/Library/Frameworks/AudioToolbox.framework/Versions/A/AudioToolbox
0x000000000c9b7000 	/System/Library/Frameworks/AudioUnit.framework/Versions/A/AudioUnit
0x000000000c9b7000 	/System/Library/PrivateFrameworks/DataDetectorsCore.framework/Versions/A/DataDetectorsCore
0x000000000c9b7000 	/System/Library/PrivateFrameworks/DesktopServicesPriv.framework/Versions/A/DesktopServicesPriv
0x000000000c9b7000 	/System/Library/Frameworks/Carbon.framework/Versions/A/Frameworks/HIToolbox.framework/Versions/A/HIToolbox
0x000000000c9b7000 	/System/Library/Frameworks/QuartzCore.framework/Versions/A/QuartzCore
0x000000000c9b7000 	/System/Library/Frameworks/Carbon.framework/Versions/A/Frameworks/SpeechRecognition.framework/Versions/A/SpeechRecognition
0x000000000c9b7000 	/usr/lib/libauto.dylib
0x000000000c9b7000 	/usr/lib/libicucore.A.dylib
0x000000000c9b7000 	/usr/lib/libxml2.2.dylib
0x000000000c9b7000 	/System/Library/PrivateFrameworks/CoreUI.framework/Versions/A/CoreUI
0x000000000c9b7000 	/System/Library/Frameworks/CoreAudio.framework/Versions/A/CoreAudio
0x000000000c9b7000 	/System/Library/Frameworks/DiskArbitration.framework/Versions/A/DiskArbitration
0x000000000c9b7000 	/usr/lib/liblangid.dylib
0x000000000c9b7000 	/System/Library/PrivateFrameworks/MultitouchSupport.framework/Versions/A/MultitouchSupport
0x000000000c9b7000 	/System/Library/Frameworks/IOKit.framework/Versions/A/IOKit
0x000000000c9b7000 	/usr/lib/libDiagnosticMessagesClient.dylib
0x000000000c9b7000 	/System/Library/Frameworks/CoreServices.framework/Versions/A/CoreServices
0x000000000c9b7000 	/System/Library/PrivateFrameworks/PerformanceAnalysis.framework/Versions/A/PerformanceAnalysis
0x000000000c9b7000 	/System/Library/PrivateFrameworks/GenerationalStorage.framework/Versions/A/GenerationalStorage
0x000000000c9b7000 	/System/Library/Frameworks/OpenGL.framework/Versions/A/OpenGL
0x000000000c9b7000 	/System/Library/PrivateFrameworks/Sharing.framework/Versions/A/Sharing
0x000000000c9b7000 	/System/Library/Frameworks/CoreGraphics.framework/Versions/A/CoreGraphics
0x000000000c9b7000 	/System/Library/Frameworks/CoreText.framework/Versions/A/CoreText
0x000000000c9b7000 	/System/Library/Frameworks/ImageIO.framework/Versions/A/ImageIO
0x000000000c9b7000 	/usr/lib/libextension.dylib
0x000000000c9b7000 	/System/Library/PrivateFrameworks/Backup.framework/Versions/A/Backup
0x000000000c9b7000 	/usr/lib/libarchive.2.dylib
0x000000000c9b7000 	/System/Library/Frameworks/CFNetwork.framework/Versions/A/CFNetwork
0x000000000c9b7000 	/System/Library/Frameworks/SystemConfiguration.framework/Versions/A/SystemConfiguration
0x000000000c9b7000 	/usr/lib/libCRFSuite.dylib
0x000000000c9b7000 	/usr/lib/libc++.1.dylib
0x000000000c9b7000 	/usr/lib/libc++abi.dylib
0x000000000c9b7000 	/usr/lib/system/libcache.dylib
0x000000000c9b7000 	/usr/lib/system/libcommonCrypto.dylib
0x000000000c9b7000 	/usr/lib/system/libcompiler_rt.dylib
0x000000000c9b7000 	/usr/lib/system/libcopyfile.dylib
0x000000000c9b7000 	/usr/lib/system/libcorecrypto.dylib
0x000000000c9b7000 	/usr/lib/system/libdispatch.dylib
0x000000000c9b7000 	/usr/lib/system/libdyld.dylib
0x000000000c9b7000 	/usr/lib/system/libkeymgr.dylib
0x000000000c9b7000 	/usr/lib/system/liblaunch.dylib
0x000000000c9b7000 	/usr/lib/system/libmacho.dylib
0x000000000c9b7000 	/usr/lib/system/libquarantine.dylib
0x000000000c9b7000 	/usr/lib/system/libremovefile.dylib
0x000000000c9b7000 	/usr/lib/system/libsystem_asl.dylib
0x000000000c9b7000 	/usr/lib/system/libsystem_blocks.dylib
0x000000000c9b7000 	/usr/lib/system/libsystem_c.dylib
0x000000000c9b7000 	/usr/lib/system/libsystem_configuration.dylib
0x000000000c9b7000 	/usr/lib/system/libsystem_coreservices.dylib
0x000000000c9b7000 	/usr/lib/system/libsystem_coretls.dylib
0x000000000c9b7000 	/usr/lib/system/libsystem_dnssd.dylib
0x000000000c9b7000 	/usr/lib/system/libsystem_info.dylib
0x000000000c9b7000 	/usr/lib/system/libsystem_kernel.dylib
0x000000000c9b7000 	/usr/lib/system/libsystem_m.dylib
0x000000000c9b7000 	/usr/lib/system/libsystem_malloc.dylib
0x000000000c9b7000 	/usr/lib/system/libsystem_network.dylib
0x000000000c9b7000 	/usr/lib/system/libsystem_networkextension.dylib
0x000000000c9b7000 	/usr/lib/system/libsystem_notify.dylib
0x000000000c9b7000 	/usr/lib/system/libsystem_platform.dylib
0x000000000c9b7000 	/usr/lib/system/libsystem_pthread.dylib
0x000000000c9b7000 	/usr/lib/system/libsystem_sandbox.dylib
0x000000000c9b7000 	/usr/lib/system/libsystem_secinit.dylib
0x000000000c9b7000 	/usr/lib/system/libsystem_stats.dylib
0x000000000c9b7000 	/usr/lib/system/libsystem_trace.dylib
0x000000000c9b7000 	/usr/lib/system/libunc.dylib
0x000000000c9b7000 	/usr/lib/system/libunwind.dylib
0x000000000c9b7000 	/usr/lib/system/libxpc.dylib
0x000000000c9b7000 	/usr/lib/libbz2.1.0.dylib
0x000000000c9b7000 	/usr/lib/liblzma.5.dylib
0x000000000c9b7000 	/usr/lib/libbsm.0.dylib
0x000000000c9b7000 	/usr/lib/libsqlite3.dylib
0x000000000c9b7000 	/usr/lib/system/libkxld.dylib
0x000000000c9b7000 	/usr/lib/libxar.1.dylib
0x000000000c9b7000 	/usr/lib/libpam.2.dylib
0x000000000c9b7000 	/usr/lib/libOpenScriptingUtil.dylib
0x000000000c9b7000 	/System/Library/Frameworks/CoreServices.framework/Versions/A/Frameworks/FSEvents.framework/Versions/A/FSEvents
0x000000000c9b7000 	/System/Library/Frameworks/CoreServices.framework/Versions/A/Frameworks/CarbonCore.framework/Versions/A/CarbonCore
0x000000000c9b7000 	/System/Library/Frameworks/CoreServices.framework/Versions/A/Frameworks/Metadata.framework/Versions/A/Metadata
0x000000000c9b7000 	/System/Library/Frameworks/CoreServices.framework/Versions/A/Frameworks/OSServices.framework/Versions/A/OSServices
0x000000000c9b7000 	/System/Library/Frameworks/CoreServices.framework/Versions/A/Frameworks/SearchKit.framework/Versions/A/SearchKit
0x000000000c9b7000 	/System/Library/Frameworks/CoreServices.framework/Versions/A/Frameworks/AE.framework/Versions/A/AE
0x000000000c9b7000 	/System/Library/Frameworks/CoreServices.framework/Versions/A/Frameworks/LaunchServices.framework/Versions/A/LaunchServices
0x000000000c9b7000 	/System/Library/Frameworks/CoreServices.framework/Versions/A/Frameworks/DictionaryServices.framework/Versions/A/DictionaryServices
0x000000000c9b7000 	/System/Library/Frameworks/NetFS.framework/Versions/A/NetFS
0x000000000c9b7000 	/System/Library/PrivateFrameworks/NetAuth.framework/Versions/A/NetAuth
0x000000000c9b7000 	/System/Library/PrivateFrameworks/login.framework/Versions/A/Frameworks/loginsupport.framework/Versions/A/loginsupport
0x000000000c9b7000 	/System/Library/PrivateFrameworks/TCC.framework/Versions/A/TCC
0x000000000c9b7000 	/usr/lib/libmecabra.dylib
0x000000000c9b7000 	/System/Library/PrivateFrameworks/LanguageModeling.framework/Versions/A/LanguageModeling
0x000000000c9b7000 	/usr/lib/libcmph.dylib
0x000000000c9b7000 	/usr/lib/libiconv.2.dylib
0x000000000c9b7000 	/System/Library/Frameworks/OpenDirectory.framework/Versions/A/Frameworks/CFOpenDirectory.framework/Versions/A/CFOpenDirectory
0x000000000c9b7000 	/System/Library/Frameworks/ServiceManagement.framework/Versions/A/ServiceManagement
0x000000000c9b7000 	/usr/lib/libxslt.1.dylib
0x000000000c9b7000 	/System/Library/Frameworks/Carbon.framework/Versions/A/Frameworks/Ink.framework/Versions/A/Ink
0x000000000c9b7000 	/System/Library/Frameworks/ApplicationServices.framework/Versions/A/Frameworks/ATS.framework/Versions/A/ATS
0x000000000c9b7000 	/System/Library/Frameworks/ApplicationServices.framework/Versions/A/Frameworks/ColorSync.framework/Versions/A/ColorSync
0x000000000c9b7000 	/System/Library/Frameworks/ApplicationServices.framework/Versions/A/Frameworks/HIServices.framework/Versions/A/HIServices
0x000000000c9b7000 	/System/Library/Frameworks/ApplicationServices.framework/Versions/A/Frameworks/LangAnalysis.framework/Versions/A/LangAnalysis
0x000000000c9b7000 	/System/Library/Frameworks/ApplicationServices.framework/Versions/A/Frameworks/PrintCore.framework/Versions/A/PrintCore
0x000000000c9b7000 	/System/Library/Frameworks/ApplicationServices.framework/Versions/A/Frameworks/QD.framework/Versions/A/QD
0x000000000c9b7000 	/System/Library/Frameworks/ApplicationServices.framework/Versions/A/Frameworks/SpeechSynthesis.framework/Versions/A/SpeechSynthesis
0x000000000c9b7000 	/System/Library/Frameworks/Accelerate.framework/Versions/A/Accelerate
0x000000000c9b7000 	/System/Library/Frameworks/Accelerate.framework/Versions/A/Frameworks/vImage.framework/Versions/A/vImage
0x000000000c9b7000 	/System/Library/Frameworks/Accelerate.framework/Versions/A/Frameworks/vecLib.framework/Versions/A/vecLib
0x000000000c9b7000 	/System/Library/Frameworks/Accelerate.framework/Versions/A/Frameworks/vecLib.framework/Versions/A/libvDSP.dylib
0x000000000c9b7000 	/System/Library/Frameworks/Accelerate.framework/Versions/A/Frameworks/vecLib.framework/Versions/A/libvMisc.dylib
0x000000000c9b7000 	/System/Library/Frameworks/Accelerate.framework/Versions/A/Frameworks/vecLib.framework/Versions/A/libLAPACK.dylib
0x000000000c9b7000 	/System/Library/Frameworks/Accelerate.framework/Versions/A/Frameworks/vecLib.framework/Versions/A/libBLAS.dylib
0x000000000c9b7000 	/System/Library/Frameworks/Accelerate.framework/Versions/A/Frameworks/vecLib.framework/Versions/A/libLinearAlgebra.dylib
0x000000000c9b7000 	/System/Library/Frameworks/ApplicationServices.framework/Versions/A/Frameworks/ATS.framework/Versions/A/Resources/libFontParser.dylib
0x000000000c9b7000 	/System/Library/Frameworks/ApplicationServices.framework/Versions/A/Frameworks/ATS.framework/Versions/A/Resources/libFontRegistry.dylib
0x000000000c9b7000 	/System/Library/PrivateFrameworks/AppleVPA.framework/Versions/A/AppleVPA
0x000000000c9b7000 	/System/Library/PrivateFrameworks/AppleJPEG.framework/Versions/A/AppleJPEG
0x000000000c9b7000 	/System/Library/Frameworks/ImageIO.framework/Versions/A/Resources/libJPEG.dylib
0x000000000c9b7000 	/System/Library/Frameworks/ImageIO.framework/Versions/A/Resources/libTIFF.dylib
0x000000000c9b7000 	/System/Library/Frameworks/ImageIO.framework/Versions/A/Resources/libPng.dylib
0x000000000c9b7000 	/System/Library/Frameworks/ImageIO.framework/Versions/A/Resources/libGIF.dylib
0x000000000c9b7000 	/System/Library/Frameworks/ImageIO.framework/Versions/A/Resources/libJP2.dylib
0x000000000c9b7000 	/System/Library/Frameworks/ImageIO.framework/Versions/A/Resources/libRadiance.dylib
0x000000000c9b7000 	/System/Library/Frameworks/CoreVideo.framework/Versions/A/CoreVideo
0x000000000c9b7000 	/System/Library/Frameworks/OpenGL.framework/Versions/A/Libraries/libGLU.dylib
0x000000000c9b7000 	/System/Library/Frameworks/OpenGL.framework/Versions/A/Libraries/libGFXShared.dylib
0x000000000c9b7000 	/System/Library/Frameworks/OpenGL.framework/Versions/A/Libraries/libGL.dylib
0x000000000c9b7000 	/System/Library/Frameworks/OpenGL.framework/Versions/A/Libraries/libGLImage.dylib
0x000000000c9b7000 	/System/Library/Frameworks/OpenGL.framework/Versions/A/Libraries/libCVMSPluginSupport.dylib
0x000000000c9b7000 	/System/Library/Frameworks/OpenGL.framework/Versions/A/Libraries/libCoreVMClient.dylib
0x000000000c9b7000 	/usr/lib/libcups.2.dylib
0x000000000c9b7000 	/System/Library/Frameworks/Kerberos.framework/Versions/A/Kerberos
0x000000000c9b7000 	/System/Library/Frameworks/GSS.framework/Versions/A/GSS
0x000000000c9b7000 	/usr/lib/libresolv.9.dylib
0x000000000c9b7000 	/System/Library/PrivateFrameworks/Heimdal.framework/Versions/A/Heimdal
0x000000000c9b7000 	/usr/lib/libheimdal-asn1.dylib
0x000000000c9b7000 	/System/Library/Frameworks/OpenDirectory.framework/Versions/A/OpenDirectory
0x000000000c9b7000 	/System/Library/PrivateFrameworks/CommonAuth.framework/Versions/A/CommonAuth
0x000000000c9b7000 	/System/Library/Frameworks/SecurityFoundation.framework/Versions/A/SecurityFoundation
0x000000000c9b7000 	/System/Library/Frameworks/QuartzCore.framework/Versions/A/Frameworks/CoreImage.framework/Versions/A/CoreImage
0x000000000c9b7000 	/System/Library/PrivateFrameworks/CrashReporterSupport.framework/Versions/A/CrashReporterSupport
0x000000000c9b7000 	/System/Library/Frameworks/OpenCL.framework/Versions/A/OpenCL
0x000000000c9b7000 	/System/Library/PrivateFrameworks/FaceCore.framework/Versions/A/FaceCore
0x000000000c9b7000 	/System/Library/PrivateFrameworks/Ubiquity.framework/Versions/A/Ubiquity
0x000000000c9b7000 	/System/Library/PrivateFrameworks/IconServices.framework/Versions/A/IconServices
0x000000000c9b7000 	/System/Library/PrivateFrameworks/ChunkingLibrary.framework/Versions/A/ChunkingLibrary
0x000000000c9b7000 	/System/Library/PrivateFrameworks/Apple80211.framework/Versions/A/Apple80211
0x000000000c9b7000 	/System/Library/Frameworks/CoreWLAN.framework/Versions/A/CoreWLAN
0x000000000c9b7000 	/System/Library/Frameworks/IOBluetooth.framework/Versions/A/IOBluetooth
0x000000000c9b7000 	/System/Library/PrivateFrameworks/CoreWiFi.framework/Versions/A/CoreWiFi
0x000000000c9b7000 	/System/Library/Frameworks/CoreBluetooth.framework/Versions/A/CoreBluetooth
0x000000000c9b7000 	/System/Library/PrivateFrameworks/DebugSymbols.framework/Versions/A/DebugSymbols
0x000000000c9b7000 	/System/Library/PrivateFrameworks/CoreSymbolication.framework/Versions/A/CoreSymbolication
0x000000000c9b7000 	/System/Library/PrivateFrameworks/Symbolication.framework/Versions/A/Symbolication
0x000000000c9b7000 	/System/Library/PrivateFrameworks/SpeechRecognitionCore.framework/Versions/A/SpeechRecognitionCore
0x00000001001b8000 	/Library/Java/JavaVirtualMachines/jdk1.8.0_20.jdk/Contents/Home/jre/lib/server/libjvm.dylib
0x000000000c9b7000 	/usr/lib/libstdc++.6.dylib
0x00000001011d6000 	/Library/Java/JavaVirtualMachines/jdk1.8.0_20.jdk/Contents/Home/jre/lib/libverify.dylib
0x00000001011e4000 	/Library/Java/JavaVirtualMachines/jdk1.8.0_20.jdk/Contents/Home/jre/lib/libjava.dylib
0x0000000101219000 	/Library/Java/JavaVirtualMachines/jdk1.8.0_20.jdk/Contents/Home/jre/lib/libjdwp.dylib
0x0000000101264000 	/Library/Java/JavaVirtualMachines/jdk1.8.0_20.jdk/Contents/Home/jre/lib/libnpt.dylib
0x0000000101271000 	/Library/Java/JavaVirtualMachines/jdk1.8.0_20.jdk/Contents/Home/jre/lib/libzip.dylib
0x00000001d7d06000 	/System/Library/Frameworks/JavaVM.framework/Frameworks/JavaRuntimeSupport.framework/JavaRuntimeSupport
0x00000001d7d1c000 	/System/Library/Frameworks/JavaVM.framework/Versions/A/Frameworks/JavaNativeFoundation.framework/Versions/A/JavaNativeFoundation
0x00000001d7d30000 	/System/Library/Frameworks/JavaVM.framework/Versions/A/JavaVM
0x000000000c9b7000 	/System/Library/Frameworks/Carbon.framework/Versions/A/Carbon
0x00000001d7d3c000 	/System/Library/PrivateFrameworks/JavaLaunching.framework/Versions/A/JavaLaunching
0x000000000c9b7000 	/System/Library/Frameworks/Carbon.framework/Versions/A/Frameworks/CommonPanels.framework/Versions/A/CommonPanels
0x000000000c9b7000 	/System/Library/Frameworks/Carbon.framework/Versions/A/Frameworks/Help.framework/Versions/A/Help
0x000000000c9b7000 	/System/Library/Frameworks/Carbon.framework/Versions/A/Frameworks/ImageCapture.framework/Versions/A/ImageCapture
0x000000000c9b7000 	/System/Library/Frameworks/Carbon.framework/Versions/A/Frameworks/OpenScripting.framework/Versions/A/OpenScripting
0x000000000c9b7000 	/System/Library/Frameworks/Carbon.framework/Versions/A/Frameworks/Print.framework/Versions/A/Print
0x000000000c9b7000 	/System/Library/Frameworks/Carbon.framework/Versions/A/Frameworks/SecurityHI.framework/Versions/A/SecurityHI
0x00000001d964b000 	/Library/Java/JavaVirtualMachines/jdk1.8.0_20.jdk/Contents/Home/jre/lib/libdt_socket.dylib

VM Arguments:
jvm_args: -agentlib:jdwp=transport=dt_socket,suspend=y,address=localhost:51961 -Dfile.encoding=UTF-8 
java_command: BaseballWinner
java_class_path (initial): /Users/ann/Documents/workspace/WorldSeriesOddsProject/bin
Launcher Type: SUN_STANDARD

Environment Variables:
PATH=/usr/bin:/bin:/usr/sbin:/sbin
SHELL=/bin/bash

Signal Handlers:
SIGSEGV: [libjvm.dylib+0x578fd7], sa_mask[0]=11111111011111110111111111111111, sa_flags=SA_ONSTACK|SA_RESTART|SA_SIGINFO
SIGBUS: [libjvm.dylib+0x578fd7], sa_mask[0]=11111111011111110111111111111111, sa_flags=SA_RESTART|SA_SIGINFO
SIGFPE: [libjvm.dylib+0x45ab0c], sa_mask[0]=11111111011111110111111111111111, sa_flags=SA_RESTART|SA_SIGINFO
SIGPIPE: [libjvm.dylib+0x45ab0c], sa_mask[0]=11111111011111110111111111111111, sa_flags=SA_RESTART|SA_SIGINFO
SIGXFSZ: [libjvm.dylib+0x45ab0c], sa_mask[0]=11111111011111110111111111111111, sa_flags=SA_RESTART|SA_SIGINFO
SIGILL: [libjvm.dylib+0x45ab0c], sa_mask[0]=11111111011111110111111111111111, sa_flags=SA_RESTART|SA_SIGINFO
SIGUSR1: SIG_DFL, sa_mask[0]=00000000000000000000000000000000, sa_flags=none
SIGUSR2: [libjvm.dylib+0x45a62a], sa_mask[0]=00100000000000000000000000000000, sa_flags=SA_RESTART|SA_SIGINFO
SIGHUP: [libjvm.dylib+0x458bfd], sa_mask[0]=11111111011111110111111111111111, sa_flags=SA_RESTART|SA_SIGINFO
SIGINT: [libjvm.dylib+0x458bfd], sa_mask[0]=11111111011111110111111111111111, sa_flags=SA_RESTART|SA_SIGINFO
SIGTERM: [libjvm.dylib+0x458bfd], sa_mask[0]=11111111011111110111111111111111, sa_flags=SA_RESTART|SA_SIGINFO
SIGQUIT: [libjvm.dylib+0x458bfd], sa_mask[0]=11111111011111110111111111111111, sa_flags=SA_RESTART|SA_SIGINFO


---------------  S Y S T E M  ---------------

OS:Bsduname:Darwin 14.0.0 Darwin Kernel Version 14.0.0: Fri Sep 19 00:26:44 PDT 2014; root:xnu-2782.1.97~2/RELEASE_X86_64 x86_64
rlimit: STACK 8192k, CORE 0k, NPROC 709, NOFILE 10240, AS infinity
load average:9.31 7.98 5.22

CPU:total 4 (2 cores per cpu, 2 threads per core) family 6 model 69 stepping 1, cmov, cx8, fxsr, mmx, sse, sse2, sse3, ssse3, sse4.1, sse4.2, popcnt, avx, avx2, aes, clmul, erms, lzcnt, ht, tsc, tscinvbit, bmi1, bmi2

Memory: 4k page, physical 8388608k(387844k free)

/proc/meminfo:


vm_info: Java HotSpot(TM) 64-Bit Server VM (25.20-b23) for bsd-amd64 JRE (1.8.0_20-b26), built on Jul 30 2014 13:37:47 by "java_re" with gcc 4.2.1 (Based on Apple Inc. build 5658) (LLVM build 2336.9.00)

time: Thu Feb  5 18:40:08 2015
elapsed time: 190 seconds (0d 0h 3m 10s)

